c:\users\xq\desktop\mfc动态绘制曲线图-hightspeedchart实现\teechart\debug\teechart.pch
c:\users\xq\desktop\mfc动态绘制曲线图-hightspeedchart实现\teechart\debug\vc120.pdb
c:\users\xq\desktop\mfc动态绘制曲线图-hightspeedchart实现\teechart\debug\vc120.idb
c:\users\xq\desktop\mfc动态绘制曲线图-hightspeedchart实现\teechart\debug\stdafx.obj
c:\users\xq\desktop\mfc动态绘制曲线图-hightspeedchart实现\teechart\debug\chartctrl.obj
c:\users\xq\desktop\mfc动态绘制曲线图-hightspeedchart实现\teechart\debug\chartcursor.obj
c:\users\xq\desktop\mfc动态绘制曲线图-hightspeedchart实现\teechart\debug\chartdatetimeaxis.obj
c:\users\xq\desktop\mfc动态绘制曲线图-hightspeedchart实现\teechart\debug\chartdraglinecursor.obj
c:\users\xq\desktop\mfc动态绘制曲线图-hightspeedchart实现\teechart\debug\chartfont.obj
c:\users\xq\desktop\mfc动态绘制曲线图-hightspeedchart实现\teechart\debug\chartganttserie.obj
c:\users\xq\desktop\mfc动态绘制曲线图-hightspeedchart实现\teechart\debug\chartgradient.obj
c:\users\xq\desktop\mfc动态绘制曲线图-hightspeedchart实现\teechart\debug\chartgrid.obj
c:\users\xq\desktop\mfc动态绘制曲线图-hightspeedchart实现\teechart\debug\chartlegend.obj
c:\users\xq\desktop\mfc动态绘制曲线图-hightspeedchart实现\teechart\debug\chartlineserie.obj
c:\users\xq\desktop\mfc动态绘制曲线图-hightspeedchart实现\teechart\debug\chartlogarithmicaxis.obj
c:\users\xq\desktop\mfc动态绘制曲线图-hightspeedchart实现\teechart\debug\chartpointsserie.obj
c:\users\xq\desktop\mfc动态绘制曲线图-hightspeedchart实现\teechart\debug\chartscrollbar.obj
c:\users\xq\desktop\mfc动态绘制曲线图-hightspeedchart实现\teechart\debug\chartserie.obj
c:\users\xq\desktop\mfc动态绘制曲线图-hightspeedchart实现\teechart\debug\chartstandardaxis.obj
c:\users\xq\desktop\mfc动态绘制曲线图-hightspeedchart实现\teechart\debug\chartsurfaceserie.obj
c:\users\xq\desktop\mfc动态绘制曲线图-hightspeedchart实现\teechart\debug\charttitle.obj
c:\users\xq\desktop\mfc动态绘制曲线图-hightspeedchart实现\teechart\debug\chartxyserie.obj
c:\users\xq\desktop\mfc动态绘制曲线图-hightspeedchart实现\teechart\debug\teechart.obj
c:\users\xq\desktop\mfc动态绘制曲线图-hightspeedchart实现\teechart\debug\teechartdlg.obj
c:\users\xq\desktop\mfc动态绘制曲线图-hightspeedchart实现\teechart\debug\chartaxis.obj
c:\users\xq\desktop\mfc动态绘制曲线图-hightspeedchart实现\teechart\debug\chartaxislabel.obj
c:\users\xq\desktop\mfc动态绘制曲线图-hightspeedchart实现\teechart\debug\chartbarserie.obj
c:\users\xq\desktop\mfc动态绘制曲线图-hightspeedchart实现\teechart\debug\chartcandlestickserie.obj
c:\users\xq\desktop\mfc动态绘制曲线图-hightspeedchart实现\teechart\debug\chartcrosshaircursor.obj
c:\users\xq\desktop\mfc动态绘制曲线图-hightspeedchart实现\debug\teechart.ilk
c:\users\xq\desktop\mfc动态绘制曲线图-hightspeedchart实现\debug\teechart.exe
c:\users\xq\desktop\mfc动态绘制曲线图-hightspeedchart实现\debug\teechart.pdb
c:\users\xq\desktop\mfc动态绘制曲线图-hightspeedchart实现\teechart\debug\teechart.res
c:\users\xq\desktop\mfc动态绘制曲线图-hightspeedchart实现\teechart\debug\teechart.tlog\cl.command.1.tlog
c:\users\xq\desktop\mfc动态绘制曲线图-hightspeedchart实现\teechart\debug\teechart.tlog\cl.read.1.tlog
c:\users\xq\desktop\mfc动态绘制曲线图-hightspeedchart实现\teechart\debug\teechart.tlog\cl.write.1.tlog
c:\users\xq\desktop\mfc动态绘制曲线图-hightspeedchart实现\teechart\debug\teechart.tlog\link.command.1.tlog
c:\users\xq\desktop\mfc动态绘制曲线图-hightspeedchart实现\teechart\debug\teechart.tlog\link.read.1.tlog
c:\users\xq\desktop\mfc动态绘制曲线图-hightspeedchart实现\teechart\debug\teechart.tlog\link.write.1.tlog
c:\users\xq\desktop\mfc动态绘制曲线图-hightspeedchart实现\teechart\debug\teechart.tlog\rc.command.1.tlog
c:\users\xq\desktop\mfc动态绘制曲线图-hightspeedchart实现\teechart\debug\teechart.tlog\rc.read.1.tlog
c:\users\xq\desktop\mfc动态绘制曲线图-hightspeedchart实现\teechart\debug\teechart.tlog\rc.write.1.tlog
